[0205/142056.729:ERROR:process_reader_win.cc(188)] ResumeThread: The parameter is incorrect. (0x57)
[0205/142056.731:ERROR:process_reader_win.cc(151)] SuspendThread: Access is denied. (0x5)
[0205/142056.732:ERROR:process_reader_win.cc(151)] SuspendThread: Access is denied. (0x5)
[0205/142056.732:ERROR:process_reader_win.cc(151)] SuspendThread: Access is denied. (0x5)
[0205/142056.733:ERROR:process_reader_win.cc(151)] SuspendThread: Access is denied. (0x5)
[0205/142056.734:ERROR:process_reader_win.cc(151)] SuspendThread: Access is denied. (0x5)
[0205/142056.734:ERROR:process_reader_win.cc(151)] SuspendThread: Access is denied. (0x5)
[0205/142056.735:ERROR:process_reader_win.cc(151)] SuspendThread: Access is denied. (0x5)
[0205/142056.736:ERROR:process_reader_win.cc(151)] SuspendThread: Access is denied. (0x5)
[0205/142057.641:ERROR:scoped_process_suspend.cc(40)] NtResumeProcess: An attempt was made to access an exiting process. (0xc000010a)
[0205/152211.456:ERROR:process_reader_win.cc(188)] ResumeThread: The parameter is incorrect. (0x57)
[0205/152211.558:ERROR:process_reader_win.cc(151)] SuspendThread: Access is denied. (0x5)
[0205/152211.559:ERROR:process_reader_win.cc(151)] SuspendThread: Access is denied. (0x5)
[0205/152211.559:ERROR:process_reader_win.cc(151)] SuspendThread: Access is denied. (0x5)
[0205/152211.559:ERROR:process_reader_win.cc(151)] SuspendThread: Access is denied. (0x5)
[0205/152211.559:ERROR:process_reader_win.cc(151)] SuspendThread: Access is denied. (0x5)
[0205/152211.559:ERROR:process_reader_win.cc(151)] SuspendThread: Access is denied. (0x5)
[0205/152211.559:ERROR:process_reader_win.cc(151)] SuspendThread: Access is denied. (0x5)
[0205/152211.559:ERROR:process_reader_win.cc(151)] SuspendThread: Access is denied. (0x5)
[0205/152211.559:ERROR:process_reader_win.cc(151)] SuspendThread: Access is denied. (0x5)
[0205/152211.560:ERROR:process_reader_win.cc(151)] SuspendThread: Access is denied. (0x5)
[0205/152211.566:ERROR:file_io_win.cc(162)] CreateFile C:\Users\MARIJA~1\AppData\Local\Temp\scoped_dir9888_381957991\Crashpad\settings.dat: The system cannot find the path specified. (0x3)
[0205/152211.567:ERROR:file_io_win.cc(171)] CreateFile C:\Users\MARIJA~1\AppData\Local\Temp\scoped_dir9888_381957991\Crashpad\reports\6169ff40-d6b4-4e16-89bd-fe9c78c4de6d.dmp: The system cannot find the path specified. (0x3)
[0205/152211.567:ERROR:crash_report_exception_handler.cc(99)] PrepareNewCrashReport failed
[0206/011645.227:ERROR:process_reader_win.cc(151)] SuspendThread: Access is denied. (0x5)
[0206/011645.248:ERROR:exception_snapshot_win.cc(99)] thread ID 3668 not found in process
[0206/230250.664:ERROR:scoped_process_suspend.cc(31)] NtSuspendProcess: An attempt was made to access an exiting process. (0xc000010a)
[0206/230255.647:ERROR:process_info.cc(118)] ReadProcessMemory bool __cdecl crashpad::(anonymous namespace)::ReadStruct(HANDLE, crashpad::WinVMAddress, T *) [T = crashpad::process_types::PEB<crashpad::process_types::internal::Traits64>]: Only part of a ReadProcessMemory or WriteProcessMemory request was completed. (0x12B)
[0206/230255.647:ERROR:process_info.cc(551)] ReadProcessData failed
